<?xml version="1.0" encoding="UTF-8"?>
<!-- Generated by org.testng.reporters.JUnitReportReporter -->
<testsuite hostname="NitinsDesktop007" failures="0" tests="7" name="testCase.TC0003_DDTLogin" time="0.678" errors="1" timestamp="2025-08-10T02:35:45 IST" skipped="6">
  <testcase classname="testCase.TC0003_DDTLogin" name="verify_DDTLogin" time="0.000">
    <skipped/>
  </testcase> <!-- verify_DDTLogin -->
  <system-out/>
  <testcase classname="testCase.TC0003_DDTLogin" name="verify_DDTLogin" time="0.000">
    <skipped/>
  </testcase> <!-- verify_DDTLogin -->
  <system-out/>
  <testcase classname="testCase.TC0003_DDTLogin" name="verify_DDTLogin" time="0.000">
    <skipped/>
  </testcase> <!-- verify_DDTLogin -->
  <system-out/>
  <testcase classname="testCase.TC0003_DDTLogin" name="verify_DDTLogin" time="0.000">
    <skipped/>
  </testcase> <!-- verify_DDTLogin -->
  <system-out/>
  <testcase classname="testCase.TC0003_DDTLogin" name="verify_DDTLogin" time="0.000">
    <skipped/>
  </testcase> <!-- verify_DDTLogin -->
  <system-out/>
  <testcase classname="testCase.TC0003_DDTLogin" name="verify_DDTLogin" time="0.000">
    <skipped/>
  </testcase> <!-- verify_DDTLogin -->
  <system-out/>
  <testcase classname="testCase.TC0003_DDTLogin" name="setup" time="0.678">
    <error message="Cannot invoke &quot;String.equalsIgnoreCase(String)&quot; because the return value of &quot;java.util.Properties.getProperty(String)&quot; is null" type="java.lang.NullPointerException">
      <![CDATA[java.lang.NullPointerException: Cannot invoke "String.equalsIgnoreCase(String)" because the return value of "java.util.Properties.getProperty(String)" is null
at testbase.BaseClass.setup(BaseClass.java:49)
at java.base/jdk.internal.reflect.NativeMethodAccessorImpl.invoke0(Native Method)
at java.base/jdk.internal.reflect.NativeMethodAccessorImpl.invoke(NativeMethodAccessorImpl.java:77)
at java.base/jdk.internal.reflect.DelegatingMethodAccessorImpl.invoke(DelegatingMethodAccessorImpl.java:43)
at java.base/java.lang.reflect.Method.invoke(Method.java:568)
at org.testng.internal.MethodInvocationHelper.invokeMethod(MethodInvocationHelper.java:133)
at org.testng.internal.MethodInvocationHelper.invokeMethodConsideringTimeout(MethodInvocationHelper.java:62)
at org.testng.internal.ConfigInvoker.invokeConfigurationMethod(ConfigInvoker.java:385)
at org.testng.internal.ConfigInvoker.invokeConfigurations(ConfigInvoker.java:321)
at org.testng.internal.TestMethodWorker.invokeBeforeClassMethods(TestMethodWorker.java:176)
at org.testng.internal.TestMethodWorker.run(TestMethodWorker.java:122)
at java.base/java.util.ArrayList.forEach(ArrayList.java:1511)
at org.testng.TestRunner.privateRun(TestRunner.java:794)
at org.testng.TestRunner.run(TestRunner.java:596)
at org.testng.SuiteRunner.runTest(SuiteRunner.java:377)
at org.testng.SuiteRunner.runSequentially(SuiteRunner.java:371)
at org.testng.SuiteRunner.privateRun(SuiteRunner.java:332)
at org.testng.SuiteRunner.run(SuiteRunner.java:276)
at org.testng.SuiteRunnerWorker.runSuite(SuiteRunnerWorker.java:53)
at org.testng.SuiteRunnerWorker.run(SuiteRunnerWorker.java:96)
at org.testng.TestNG.runSuitesSequentially(TestNG.java:1212)
at org.testng.TestNG.runSuitesLocally(TestNG.java:1134)
at org.testng.TestNG.runSuites(TestNG.java:1063)
at org.testng.TestNG.run(TestNG.java:1031)
at org.testng.remote.AbstractRemoteTestNG.run(AbstractRemoteTestNG.java:115)
at org.testng.remote.RemoteTestNG.initAndRun(RemoteTestNG.java:293)
at org.testng.remote.RemoteTestNG.main(RemoteTestNG.java:91)
]]>
    </error>
  </testcase> <!-- setup -->
  <system-out/>
</testsuite> <!-- testCase.TC0003_DDTLogin -->
