<?xml version="1.0" encoding="UTF-8"?>
<!-- Generated by org.testng.reporters.JUnitReportReporter -->
<testsuite hostname="NitinsDesktop007" failures="0" tests="1" name="testCase.TC0003_DDTLogin" time="0.000" errors="0" timestamp="2025-07-20T14:46:07 IST" skipped="1">
  <testcase classname="testCase.TC0003_DDTLogin" name="verify_DDTLogin" time="0.000">
    <skipped/>
  </testcase> <!-- verify_DDTLogin -->
  <system-out/>
</testsuite> <!-- testCase.TC0003_DDTLogin -->
