<?xml version="1.0" encoding="UTF-8"?>
<!-- Generated by org.testng.reporters.JUnitReportReporter -->
<testsuite hostname="NitinsDesktop007" failures="0" tests="1" name="testCase.TC0002_LoginTest" time="2.412" errors="0" timestamp="2025-08-05T22:26:00 IST" skipped="0">
  <testcase classname="testCase.TC0002_LoginTest" name="verify_login" time="2.412"/>
  <system-out/>
</testsuite> <!-- testCase.TC0002_LoginTest -->
